<?xml version="1.0" encoding="utf-8" ?>
<!DOCTYPE html PUBLIC "-//W3C//DTD XHTML 1.0 Strict//EN"
        "http://www.w3.org/TR/xhtml1/DTD/xhtml1-strict.dtd">
<html xmlns="http://www.w3.org/1999/xhtml" xml:lang="" lang="">
<head>
  <title>Test Results Report - regression</title>
  <meta http-equiv="Content-Type" content="text/html;charset=utf-8" />
  <meta name="description" content="TestNG unit test results." />
  <link href="reportng.css" rel="stylesheet" type="text/css" />
    <script type="text/javascript" src="reportng.js"></script>
</head>
<body>
<h1>regression</h1>
<p>
  Test duration: 137.875s
</p>



  <table class="resultsTable">
    <tr><th colspan="3" class="header failed">Failed Tests</th></tr>
          <tr>
        <td colspan="3" class="group">com.nopcommerce.demo.testsuite.LoginPageTest</td>
      </tr>
            
<tr>
  <td class="method">
                  VerifyThatUserShouldLogOutSuccessFully
      </td>
  <td class="duration">
    41.105s
  </td>
  <td class="result">
        
    
            <div class="testOutput">
                        Clicking on login Link [[ChromeDriver: chrome on WINDOWS (8527e598bb627d61e99e87aa18624dfe)] -&gt; xpath: //a[contains(text(),&apos;Log in&apos;)]]<br />
                                Sending text to email [[ChromeDriver: chrome on WINDOWS (8527e598bb627d61e99e87aa18624dfe)] -&gt; xpath: //input[@id=&apos;Email&apos;]]<br />
                                Sending text to password [[ChromeDriver: chrome on WINDOWS (8527e598bb627d61e99e87aa18624dfe)] -&gt; xpath: //input[@id=&apos;Password&apos;]]<br />
                                clicking on login button[[ChromeDriver: chrome on WINDOWS (8527e598bb627d61e99e87aa18624dfe)] -&gt; xpath: //button[contains(text(),&apos;Log in&apos;)]]<br />
                                Clicking on LogOut ButtonProxy element for: DefaultElementLocator &apos;By.xpath: //a[contains(text(),&apos;Log out&apos;)]&apos;<br />
                  </div>
    

        <a href="javascript:toggleElement('exception-0', 'block')" title="Click to expand/collapse"><b>org.openqa.selenium.NoSuchElementException: no such element: Unable to locate element: {&quot;method&quot;:&quot;xpath&quot;,&quot;selector&quot;:&quot;//a[contains(text(),&apos;Log out&apos;)]&quot;}<br/>
&nbsp; (Session info: chrome=101.0.4951.54)<br/>
For documentation on this error, please visit: https://selenium.dev/exceptions/#no_such_element<br/>
Build info: version: &apos;4.1.4&apos;, revision: &apos;535d840ee2&apos;<br/>
System info: host: &apos;HRIDAY&apos;, ip: &apos;192.168.1.13&apos;, os.name: &apos;Windows 10&apos;, os.arch: &apos;amd64&apos;, os.version: &apos;10.0&apos;, java.version: &apos;1.8.0_121&apos;<br/>
Driver info: org.openqa.selenium.chrome.ChromeDriver<br/>
Command: [8527e598bb627d61e99e87aa18624dfe, findElement {using=xpath, value=//a[contains(text(),&apos;Log out&apos;)]}]<br/>
Capabilities {acceptInsecureCerts: false, browserName: chrome, browserVersion: 101.0.4951.54, chrome: {chromedriverVersion: 101.0.4951.41 (93c720db8323..., userDataDir: C:\Users\Kalpesh\AppData\Lo...}, goog:chromeOptions: {debuggerAddress: localhost:62060}, javascriptEnabled: true, networkConnectionEnabled: false, pageLoadStrategy: normal, platform: WINDOWS, platformName: WINDOWS, proxy: Proxy(), se:cdp: ws://localhost:62060/devtoo..., se:cdpVersion: 101.0.4951.54, setWindowRect: true, strictFileInteractability: false, timeouts: {implicit: 0, pageLoad: 300000, script: 30000}, unhandledPromptBehavior: dismiss and notify, webauthn:extension:credBlob: true, webauthn:extension:largeBlob: true, webauthn:virtualAuthenticators: true}<br/>
Session ID: 8527e598bb627d61e99e87aa18624dfe</b></a><br />
    <div class="stackTrace" id="exception-0">
              sun.reflect.NativeConstructorAccessorImpl.newInstance0(Native Method)<br />
              sun.reflect.NativeConstructorAccessorImpl.newInstance(NativeConstructorAccessorImpl.java:62)<br />
              sun.reflect.DelegatingConstructorAccessorImpl.newInstance(DelegatingConstructorAccessorImpl.java:45)<br />
              java.lang.reflect.Constructor.newInstance(Constructor.java:423)<br />
              org.openqa.selenium.remote.codec.w3c.W3CHttpResponseCodec.createException(W3CHttpResponseCodec.java:200)<br />
              org.openqa.selenium.remote.codec.w3c.W3CHttpResponseCodec.decode(W3CHttpResponseCodec.java:133)<br />
              org.openqa.selenium.remote.codec.w3c.W3CHttpResponseCodec.decode(W3CHttpResponseCodec.java:53)<br />
              org.openqa.selenium.remote.HttpCommandExecutor.execute(HttpCommandExecutor.java:184)<br />
              org.openqa.selenium.remote.service.DriverCommandExecutor.invokeExecute(DriverCommandExecutor.java:167)<br />
              org.openqa.selenium.remote.service.DriverCommandExecutor.execute(DriverCommandExecutor.java:142)<br />
              org.openqa.selenium.remote.RemoteWebDriver.execute(RemoteWebDriver.java:567)<br />
              org.openqa.selenium.remote.ElementLocation$ElementFinder$2.findElement(ElementLocation.java:162)<br />
              org.openqa.selenium.remote.ElementLocation.findElement(ElementLocation.java:60)<br />
              org.openqa.selenium.remote.RemoteWebDriver.findElement(RemoteWebDriver.java:385)<br />
              org.openqa.selenium.remote.RemoteWebDriver.findElement(RemoteWebDriver.java:377)<br />
              org.openqa.selenium.support.pagefactory.DefaultElementLocator.findElement(DefaultElementLocator.java:70)<br />
              org.openqa.selenium.support.pagefactory.internal.LocatingElementHandler.invoke(LocatingElementHandler.java:39)<br />
              com.sun.proxy.$Proxy14.click(Unknown Source)<br />
              com.nopcommerce.demo.utility.Utility.clickOnElement(Utility.java:56)<br />
              com.nopcommerce.demo.Pages.LoginPage.setLogOutButton(LoginPage.java:70)<br />
              com.nopcommerce.demo.testsuite.LoginPageTest.VerifyThatUserShouldLogOutSuccessFully(LoginPageTest.java:59)<br />
              sun.reflect.NativeMethodAccessorImpl.invoke0(Native Method)<br />
              sun.reflect.NativeMethodAccessorImpl.invoke(NativeMethodAccessorImpl.java:62)<br />
              sun.reflect.DelegatingMethodAccessorImpl.invoke(DelegatingMethodAccessorImpl.java:43)<br />
              java.lang.reflect.Method.invoke(Method.java:498)<br />
              org.testng.internal.invokers.MethodInvocationHelper.invokeMethod(MethodInvocationHelper.java:135)<br />
              org.testng.internal.invokers.TestInvoker.invokeMethod(TestInvoker.java:673)<br />
              org.testng.internal.invokers.TestInvoker.invokeTestMethod(TestInvoker.java:220)<br />
              org.testng.internal.invokers.MethodRunner.runInSequence(MethodRunner.java:50)<br />
              org.testng.internal.invokers.TestInvoker$MethodInvocationAgent.invoke(TestInvoker.java:945)<br />
              org.testng.internal.invokers.TestInvoker.invokeTestMethods(TestInvoker.java:193)<br />
              org.testng.internal.invokers.TestMethodWorker.invokeTestMethods(TestMethodWorker.java:146)<br />
              org.testng.internal.invokers.TestMethodWorker.run(TestMethodWorker.java:128)<br />
              java.util.ArrayList.forEach(ArrayList.java:1249)<br />
              org.testng.TestRunner.privateRun(TestRunner.java:808)<br />
              org.testng.TestRunner.run(TestRunner.java:603)<br />
              org.testng.SuiteRunner.runTest(SuiteRunner.java:429)<br />
              org.testng.SuiteRunner.runSequentially(SuiteRunner.java:423)<br />
              org.testng.SuiteRunner.privateRun(SuiteRunner.java:383)<br />
              org.testng.SuiteRunner.run(SuiteRunner.java:326)<br />
              org.testng.SuiteRunnerWorker.runSuite(SuiteRunnerWorker.java:52)<br />
              org.testng.SuiteRunnerWorker.run(SuiteRunnerWorker.java:95)<br />
              org.testng.TestNG.runSuitesSequentially(TestNG.java:1249)<br />
              org.testng.TestNG.runSuitesLocally(TestNG.java:1169)<br />
              org.testng.TestNG.runSuites(TestNG.java:1092)<br />
              org.testng.TestNG.run(TestNG.java:1060)<br />
              com.intellij.rt.testng.IDEARemoteTestNG.run(IDEARemoteTestNG.java:66)<br />
              com.intellij.rt.testng.RemoteTestNGStarter.main(RemoteTestNGStarter.java:109)<br />
                </div>
      </td>
</tr>
<tr>
  <td class="method">
                  verifyThatUserShouldLogInSuccessFullyWithValidCredentials
      </td>
  <td class="duration">
    41.072s
  </td>
  <td class="result">
        
    
            <div class="testOutput">
                        Clicking on login Link [[ChromeDriver: chrome on WINDOWS (85b3a4519a466aa1bef75a3958f00466)] -&gt; xpath: //a[contains(text(),&apos;Log in&apos;)]]<br />
                                Sending text to email [[ChromeDriver: chrome on WINDOWS (85b3a4519a466aa1bef75a3958f00466)] -&gt; xpath: //input[@id=&apos;Email&apos;]]<br />
                                Sending text to password [[ChromeDriver: chrome on WINDOWS (85b3a4519a466aa1bef75a3958f00466)] -&gt; xpath: //input[@id=&apos;Password&apos;]]<br />
                                clicking on login button[[ChromeDriver: chrome on WINDOWS (85b3a4519a466aa1bef75a3958f00466)] -&gt; xpath: //button[contains(text(),&apos;Log in&apos;)]]<br />
                                Getting LogOut Button TextProxy element for: DefaultElementLocator &apos;By.xpath: //a[contains(text(),&apos;Log out&apos;)]&apos;<br />
                  </div>
    

        <a href="javascript:toggleElement('exception-1', 'block')" title="Click to expand/collapse"><b>org.openqa.selenium.NoSuchElementException: no such element: Unable to locate element: {&quot;method&quot;:&quot;xpath&quot;,&quot;selector&quot;:&quot;//a[contains(text(),&apos;Log out&apos;)]&quot;}<br/>
&nbsp; (Session info: chrome=101.0.4951.54)<br/>
For documentation on this error, please visit: https://selenium.dev/exceptions/#no_such_element<br/>
Build info: version: &apos;4.1.4&apos;, revision: &apos;535d840ee2&apos;<br/>
System info: host: &apos;HRIDAY&apos;, ip: &apos;192.168.1.13&apos;, os.name: &apos;Windows 10&apos;, os.arch: &apos;amd64&apos;, os.version: &apos;10.0&apos;, java.version: &apos;1.8.0_121&apos;<br/>
Driver info: org.openqa.selenium.chrome.ChromeDriver<br/>
Command: [85b3a4519a466aa1bef75a3958f00466, findElement {using=xpath, value=//a[contains(text(),&apos;Log out&apos;)]}]<br/>
Capabilities {acceptInsecureCerts: false, browserName: chrome, browserVersion: 101.0.4951.54, chrome: {chromedriverVersion: 101.0.4951.41 (93c720db8323..., userDataDir: C:\Users\Kalpesh\AppData\Lo...}, goog:chromeOptions: {debuggerAddress: localhost:62121}, javascriptEnabled: true, networkConnectionEnabled: false, pageLoadStrategy: normal, platform: WINDOWS, platformName: WINDOWS, proxy: Proxy(), se:cdp: ws://localhost:62121/devtoo..., se:cdpVersion: 101.0.4951.54, setWindowRect: true, strictFileInteractability: false, timeouts: {implicit: 0, pageLoad: 300000, script: 30000}, unhandledPromptBehavior: dismiss and notify, webauthn:extension:credBlob: true, webauthn:extension:largeBlob: true, webauthn:virtualAuthenticators: true}<br/>
Session ID: 85b3a4519a466aa1bef75a3958f00466</b></a><br />
    <div class="stackTrace" id="exception-1">
              sun.reflect.NativeConstructorAccessorImpl.newInstance0(Native Method)<br />
              sun.reflect.NativeConstructorAccessorImpl.newInstance(NativeConstructorAccessorImpl.java:62)<br />
              sun.reflect.DelegatingConstructorAccessorImpl.newInstance(DelegatingConstructorAccessorImpl.java:45)<br />
              java.lang.reflect.Constructor.newInstance(Constructor.java:423)<br />
              org.openqa.selenium.remote.codec.w3c.W3CHttpResponseCodec.createException(W3CHttpResponseCodec.java:200)<br />
              org.openqa.selenium.remote.codec.w3c.W3CHttpResponseCodec.decode(W3CHttpResponseCodec.java:133)<br />
              org.openqa.selenium.remote.codec.w3c.W3CHttpResponseCodec.decode(W3CHttpResponseCodec.java:53)<br />
              org.openqa.selenium.remote.HttpCommandExecutor.execute(HttpCommandExecutor.java:184)<br />
              org.openqa.selenium.remote.service.DriverCommandExecutor.invokeExecute(DriverCommandExecutor.java:167)<br />
              org.openqa.selenium.remote.service.DriverCommandExecutor.execute(DriverCommandExecutor.java:142)<br />
              org.openqa.selenium.remote.RemoteWebDriver.execute(RemoteWebDriver.java:567)<br />
              org.openqa.selenium.remote.ElementLocation$ElementFinder$2.findElement(ElementLocation.java:162)<br />
              org.openqa.selenium.remote.ElementLocation.findElement(ElementLocation.java:60)<br />
              org.openqa.selenium.remote.RemoteWebDriver.findElement(RemoteWebDriver.java:385)<br />
              org.openqa.selenium.remote.RemoteWebDriver.findElement(RemoteWebDriver.java:377)<br />
              org.openqa.selenium.support.pagefactory.DefaultElementLocator.findElement(DefaultElementLocator.java:70)<br />
              org.openqa.selenium.support.pagefactory.internal.LocatingElementHandler.invoke(LocatingElementHandler.java:39)<br />
              com.sun.proxy.$Proxy14.getText(Unknown Source)<br />
              com.nopcommerce.demo.utility.Utility.getTextFromElement(Utility.java:67)<br />
              com.nopcommerce.demo.Pages.LoginPage.getLogOutButtonText(LoginPage.java:65)<br />
              com.nopcommerce.demo.testsuite.LoginPageTest.verifyThatUserShouldLogInSuccessFullyWithValidCredentials(LoginPageTest.java:49)<br />
              sun.reflect.NativeMethodAccessorImpl.invoke0(Native Method)<br />
              sun.reflect.NativeMethodAccessorImpl.invoke(NativeMethodAccessorImpl.java:62)<br />
              sun.reflect.DelegatingMethodAccessorImpl.invoke(DelegatingMethodAccessorImpl.java:43)<br />
              java.lang.reflect.Method.invoke(Method.java:498)<br />
              org.testng.internal.invokers.MethodInvocationHelper.invokeMethod(MethodInvocationHelper.java:135)<br />
              org.testng.internal.invokers.TestInvoker.invokeMethod(TestInvoker.java:673)<br />
              org.testng.internal.invokers.TestInvoker.invokeTestMethod(TestInvoker.java:220)<br />
              org.testng.internal.invokers.MethodRunner.runInSequence(MethodRunner.java:50)<br />
              org.testng.internal.invokers.TestInvoker$MethodInvocationAgent.invoke(TestInvoker.java:945)<br />
              org.testng.internal.invokers.TestInvoker.invokeTestMethods(TestInvoker.java:193)<br />
              org.testng.internal.invokers.TestMethodWorker.invokeTestMethods(TestMethodWorker.java:146)<br />
              org.testng.internal.invokers.TestMethodWorker.run(TestMethodWorker.java:128)<br />
              java.util.ArrayList.forEach(ArrayList.java:1249)<br />
              org.testng.TestRunner.privateRun(TestRunner.java:808)<br />
              org.testng.TestRunner.run(TestRunner.java:603)<br />
              org.testng.SuiteRunner.runTest(SuiteRunner.java:429)<br />
              org.testng.SuiteRunner.runSequentially(SuiteRunner.java:423)<br />
              org.testng.SuiteRunner.privateRun(SuiteRunner.java:383)<br />
              org.testng.SuiteRunner.run(SuiteRunner.java:326)<br />
              org.testng.SuiteRunnerWorker.runSuite(SuiteRunnerWorker.java:52)<br />
              org.testng.SuiteRunnerWorker.run(SuiteRunnerWorker.java:95)<br />
              org.testng.TestNG.runSuitesSequentially(TestNG.java:1249)<br />
              org.testng.TestNG.runSuitesLocally(TestNG.java:1169)<br />
              org.testng.TestNG.runSuites(TestNG.java:1092)<br />
              org.testng.TestNG.run(TestNG.java:1060)<br />
              com.intellij.rt.testng.IDEARemoteTestNG.run(IDEARemoteTestNG.java:66)<br />
              com.intellij.rt.testng.RemoteTestNGStarter.main(RemoteTestNGStarter.java:109)<br />
                </div>
      </td>
</tr>
      </table>


  <table class="resultsTable">
    <tr><th colspan="3" class="header passed">Passed Tests</th></tr>
          <tr>
        <td colspan="3" class="group">com.nopcommerce.demo.testsuite.ComputerPageTest</td>
      </tr>
            
<tr>
  <td class="method">
                  verifyThatUserShouldBuildYouOwnComputerAndAddThemToCartSuccessfully
      </td>
  <td class="duration">
    5.382s
  </td>
  <td class="result">
        
          <i>Method arguments: </i><span class="arguments">"2.5 GHz Intel Pentium Dual-Core E2200 [+$15.00]", "4GB [+$20.00]", "400 GB [+$100.00]", "Vista Premium [+$60.00]", "Acrobat Reader [+$10.00]"</span><br />
    
            <div class="testOutput">
                        Clicking on Computer Link [[ChromeDriver: chrome on WINDOWS (a0e5ce7ed41596b03034953bc0d2876b)] -&gt; xpath: //ul[@class=&apos;top-menu notmobile&apos;]//a[contains(text(),&apos;Computers&apos;)]]<br />
                                Clicking on Desktop Link [[ChromeDriver: chrome on WINDOWS (a0e5ce7ed41596b03034953bc0d2876b)] -&gt; xpath: //div[@class=&apos;sub-category-item&apos;]//a[contains(text(),&apos;Desktops&apos;)]]<br />
                                Clicking on Build Your Compuner [[ChromeDriver: chrome on WINDOWS (a0e5ce7ed41596b03034953bc0d2876b)] -&gt; xpath: //body/div[6]/div[3]/div[1]/div[3]/div[1]/div[2]/div[2]/div[2]/div[1]/div[1]/div[1]/div[1]/div[2]/h2[1]/a[1]]<br />
                                Setting Processor [[ChromeDriver: chrome on WINDOWS (a0e5ce7ed41596b03034953bc0d2876b)] -&gt; xpath: //select[@id=&apos;product_attribute_1&apos;]]<br />
                                Setting RAM [[ChromeDriver: chrome on WINDOWS (a0e5ce7ed41596b03034953bc0d2876b)] -&gt; xpath: //select[@id=&apos;product_attribute_2&apos;]]<br />
                                Setting HDD [[ChromeDriver: chrome on WINDOWS (a0e5ce7ed41596b03034953bc0d2876b)] -&gt; xpath: //input[@id=&apos;product_attribute_3_7&apos;]]<br />
                                Setting HDD [[ChromeDriver: chrome on WINDOWS (a0e5ce7ed41596b03034953bc0d2876b)] -&gt; xpath: //input[@id=&apos;product_attribute_4_8&apos;]]<br />
                                Setting software [[ChromeDriver: chrome on WINDOWS (a0e5ce7ed41596b03034953bc0d2876b)] -&gt; xpath: //input[@id=&apos;product_attribute_5_11&apos;]]<br />
                                Clicking on Add to cart [[ChromeDriver: chrome on WINDOWS (a0e5ce7ed41596b03034953bc0d2876b)] -&gt; xpath: //button[@id=&apos;add-to-cart-button-1&apos;]]<br />
                                Getting Confirm Message After adding to cart [[ChromeDriver: chrome on WINDOWS (a0e5ce7ed41596b03034953bc0d2876b)] -&gt; xpath: //div/p[@class=&apos;content&apos;]]<br />
                  </div>
    

      </td>
</tr>
<tr>
  <td class="method">
                  verifyThatUserShouldBuildYouOwnComputerAndAddThemToCartSuccessfully
      </td>
  <td class="duration">
    4.919s
  </td>
  <td class="result">
        
          <i>Method arguments: </i><span class="arguments">"2.2 GHz Intel Pentium Dual-Core E2200", "2 GB", "320 GB", "Vista Home [+$50.00]", "Microsoft Office [+$50.00]"</span><br />
    
            <div class="testOutput">
                        Clicking on Computer Link [[ChromeDriver: chrome on WINDOWS (a55219d79cb2d061a87b41de52feb5c1)] -&gt; xpath: //ul[@class=&apos;top-menu notmobile&apos;]//a[contains(text(),&apos;Computers&apos;)]]<br />
                                Clicking on Desktop Link [[ChromeDriver: chrome on WINDOWS (a55219d79cb2d061a87b41de52feb5c1)] -&gt; xpath: //div[@class=&apos;sub-category-item&apos;]//a[contains(text(),&apos;Desktops&apos;)]]<br />
                                Clicking on Build Your Compuner [[ChromeDriver: chrome on WINDOWS (a55219d79cb2d061a87b41de52feb5c1)] -&gt; xpath: //body/div[6]/div[3]/div[1]/div[3]/div[1]/div[2]/div[2]/div[2]/div[1]/div[1]/div[1]/div[1]/div[2]/h2[1]/a[1]]<br />
                                Setting Processor [[ChromeDriver: chrome on WINDOWS (a55219d79cb2d061a87b41de52feb5c1)] -&gt; xpath: //select[@id=&apos;product_attribute_1&apos;]]<br />
                                Setting RAM [[ChromeDriver: chrome on WINDOWS (a55219d79cb2d061a87b41de52feb5c1)] -&gt; xpath: //select[@id=&apos;product_attribute_2&apos;]]<br />
                                Setting HDD [[ChromeDriver: chrome on WINDOWS (a55219d79cb2d061a87b41de52feb5c1)] -&gt; xpath: //input[@id=&apos;product_attribute_3_6&apos;]]<br />
                                Setting OS [[ChromeDriver: chrome on WINDOWS (a55219d79cb2d061a87b41de52feb5c1)] -&gt; xpath: //input[@id=&apos;product_attribute_4_9&apos;]]<br />
                                Setting software [[ChromeDriver: chrome on WINDOWS (a55219d79cb2d061a87b41de52feb5c1)] -&gt; xpath: //input[@id=&apos;product_attribute_5_10&apos;]]<br />
                                Clicking on Add to cart [[ChromeDriver: chrome on WINDOWS (a55219d79cb2d061a87b41de52feb5c1)] -&gt; xpath: //button[@id=&apos;add-to-cart-button-1&apos;]]<br />
                                Getting Confirm Message After adding to cart [[ChromeDriver: chrome on WINDOWS (a55219d79cb2d061a87b41de52feb5c1)] -&gt; xpath: //div/p[@class=&apos;content&apos;]]<br />
                  </div>
    

      </td>
</tr>
<tr>
  <td class="method">
                  verifyThatUserShouldBuildYouOwnComputerAndAddThemToCartSuccessfully
      </td>
  <td class="duration">
    4.342s
  </td>
  <td class="result">
        
          <i>Method arguments: </i><span class="arguments">"2.5 GHz Intel Pentium Dual-Core E2200 [+$15.00]", "8GB [+$60.00]", "320 GB", "Vista Home [+$50.00]", "Total Commander [+$5.00] "</span><br />
    
            <div class="testOutput">
                        Clicking on Computer Link [[ChromeDriver: chrome on WINDOWS (16afeb689f8a22f74c2954094da81150)] -&gt; xpath: //ul[@class=&apos;top-menu notmobile&apos;]//a[contains(text(),&apos;Computers&apos;)]]<br />
                                Clicking on Desktop Link [[ChromeDriver: chrome on WINDOWS (16afeb689f8a22f74c2954094da81150)] -&gt; xpath: //div[@class=&apos;sub-category-item&apos;]//a[contains(text(),&apos;Desktops&apos;)]]<br />
                                Clicking on Build Your Compuner [[ChromeDriver: chrome on WINDOWS (16afeb689f8a22f74c2954094da81150)] -&gt; xpath: //body/div[6]/div[3]/div[1]/div[3]/div[1]/div[2]/div[2]/div[2]/div[1]/div[1]/div[1]/div[1]/div[2]/h2[1]/a[1]]<br />
                                Setting Processor [[ChromeDriver: chrome on WINDOWS (16afeb689f8a22f74c2954094da81150)] -&gt; xpath: //select[@id=&apos;product_attribute_1&apos;]]<br />
                                Setting RAM [[ChromeDriver: chrome on WINDOWS (16afeb689f8a22f74c2954094da81150)] -&gt; xpath: //select[@id=&apos;product_attribute_2&apos;]]<br />
                                Setting HDD [[ChromeDriver: chrome on WINDOWS (16afeb689f8a22f74c2954094da81150)] -&gt; xpath: //input[@id=&apos;product_attribute_3_6&apos;]]<br />
                                Setting OS [[ChromeDriver: chrome on WINDOWS (16afeb689f8a22f74c2954094da81150)] -&gt; xpath: //input[@id=&apos;product_attribute_4_9&apos;]]<br />
                                Clicking on Add to cart [[ChromeDriver: chrome on WINDOWS (16afeb689f8a22f74c2954094da81150)] -&gt; xpath: //button[@id=&apos;add-to-cart-button-1&apos;]]<br />
                                Getting Confirm Message After adding to cart [[ChromeDriver: chrome on WINDOWS (16afeb689f8a22f74c2954094da81150)] -&gt; xpath: //div/p[@class=&apos;content&apos;]]<br />
                  </div>
    

      </td>
</tr>
<tr>
  <td class="method">
                  verifyUserShouldNavigateToComputerPageSuccessfully
      </td>
  <td class="duration">
    0.517s
  </td>
  <td class="result">
        
    
            <div class="testOutput">
                        Clicking on Computer Link [[ChromeDriver: chrome on WINDOWS (5ae33c2bf4a2d0b67c627edee3647998)] -&gt; xpath: //ul[@class=&apos;top-menu notmobile&apos;]//a[contains(text(),&apos;Computers&apos;)]]<br />
                                Getting Page Header [[ChromeDriver: chrome on WINDOWS (5ae33c2bf4a2d0b67c627edee3647998)] -&gt; xpath: //h1[contains(text(),&apos;Computers&apos;)]]<br />
                  </div>
    

      </td>
</tr>
<tr>
  <td class="method">
                  verifyUserShouldNavigateToDesktopsPageSuccessfully
      </td>
  <td class="duration">
    1.019s
  </td>
  <td class="result">
        
    
            <div class="testOutput">
                        Clicking on Computer Link [[ChromeDriver: chrome on WINDOWS (e945e2cfca58e6b8c07c0b6e73e123dd)] -&gt; xpath: //ul[@class=&apos;top-menu notmobile&apos;]//a[contains(text(),&apos;Computers&apos;)]]<br />
                                Clicking on Desktop Link [[ChromeDriver: chrome on WINDOWS (e945e2cfca58e6b8c07c0b6e73e123dd)] -&gt; xpath: //div[@class=&apos;sub-category-item&apos;]//a[contains(text(),&apos;Desktops&apos;)]]<br />
                                Getting Page Header [[ChromeDriver: chrome on WINDOWS (e945e2cfca58e6b8c07c0b6e73e123dd)] -&gt; xpath: //h1[contains(text(),&apos;Desktops&apos;)]]<br />
                  </div>
    

      </td>
</tr>
          <tr>
        <td colspan="3" class="group">com.nopcommerce.demo.testsuite.LoginPageTest</td>
      </tr>
            
<tr>
  <td class="method">
                  userShouldNavigateToLoginPageSuccessFully
      </td>
  <td class="duration">
    0.512s
  </td>
  <td class="result">
        
    
            <div class="testOutput">
                        Clicking on login Link [[ChromeDriver: chrome on WINDOWS (9680ac5c2c9403eefacad35513600c32)] -&gt; xpath: //a[contains(text(),&apos;Log in&apos;)]]<br />
                                Getting page header[[ChromeDriver: chrome on WINDOWS (9680ac5c2c9403eefacad35513600c32)] -&gt; xpath: //h1[contains(text(),&apos;Welcome, Please Sign In!&apos;)]]<br />
                  </div>
    

      </td>
</tr>
<tr>
  <td class="method">
                  verifyTheErrorMessageWithInValidCredentials
      </td>
  <td class="duration">
    1.002s
  </td>
  <td class="result">
        
    
            <div class="testOutput">
                        Clicking on login Link [[ChromeDriver: chrome on WINDOWS (ad2fffbea46a1133ab8b579ae846b8d9)] -&gt; xpath: //a[contains(text(),&apos;Log in&apos;)]]<br />
                                Sending text to email [[ChromeDriver: chrome on WINDOWS (ad2fffbea46a1133ab8b579ae846b8d9)] -&gt; xpath: //input[@id=&apos;Email&apos;]]<br />
                                Sending text to password [[ChromeDriver: chrome on WINDOWS (ad2fffbea46a1133ab8b579ae846b8d9)] -&gt; xpath: //input[@id=&apos;Password&apos;]]<br />
                                clicking on login button[[ChromeDriver: chrome on WINDOWS (ad2fffbea46a1133ab8b579ae846b8d9)] -&gt; xpath: //button[contains(text(),&apos;Log in&apos;)]]<br />
                                Getting Error Message[[ChromeDriver: chrome on WINDOWS (ad2fffbea46a1133ab8b579ae846b8d9)] -&gt; xpath: //div[@class=&apos;message-error validation-summary-errors&apos;]]<br />
                  </div>
    

      </td>
</tr>
          <tr>
        <td colspan="3" class="group">com.nopcommerce.demo.testsuite.RegisterPageTest</td>
      </tr>
            
<tr>
  <td class="method">
                  verifyThatFirstNameLastNameEmailPasswordAndConfirmPasswordFieldsAreMandatory
      </td>
  <td class="duration">
    0.859s
  </td>
  <td class="result">
        
    
            <div class="testOutput">
                        Clicking on Register Link [[ChromeDriver: chrome on WINDOWS (957ed0a1fbd56d9a96e5d70f9188a775)] -&gt; xpath: //a[contains(text(),&apos;Register&apos;)]]<br />
                                Clicking on Register [[ChromeDriver: chrome on WINDOWS (957ed0a1fbd56d9a96e5d70f9188a775)] -&gt; xpath: //button[@id=&apos;register-button&apos;]]<br />
                                Getting FirstName Error [[ChromeDriver: chrome on WINDOWS (957ed0a1fbd56d9a96e5d70f9188a775)] -&gt; xpath: //span[@id=&apos;FirstName-error&apos;]]<br />
                                Getting LastName Error [[ChromeDriver: chrome on WINDOWS (957ed0a1fbd56d9a96e5d70f9188a775)] -&gt; xpath: //span[@id=&apos;LastName-error&apos;]]<br />
                                Getting Email Error [[ChromeDriver: chrome on WINDOWS (957ed0a1fbd56d9a96e5d70f9188a775)] -&gt; xpath: //span[@id=&apos;Email-error&apos;]]<br />
                                Getting Password Error [[ChromeDriver: chrome on WINDOWS (957ed0a1fbd56d9a96e5d70f9188a775)] -&gt; xpath: //span[@id=&apos;Password-error&apos;]]<br />
                                Getting Repeat Password Error [[ChromeDriver: chrome on WINDOWS (957ed0a1fbd56d9a96e5d70f9188a775)] -&gt; xpath: //span[@id=&apos;ConfirmPassword-error&apos;]]<br />
                  </div>
    

      </td>
</tr>
<tr>
  <td class="method">
                  verifyThatUserShouldCreateAccountSuccessfully
      </td>
  <td class="duration">
    2.236s
  </td>
  <td class="result">
        
    
            <div class="testOutput">
                        Clicking on Register Link [[ChromeDriver: chrome on WINDOWS (7d93649eef7f6ce852629427942d7e08)] -&gt; xpath: //a[contains(text(),&apos;Register&apos;)]]<br />
                                Clicking on Female Gender Radio [[ChromeDriver: chrome on WINDOWS (7d93649eef7f6ce852629427942d7e08)] -&gt; xpath: //input[@id=&apos;gender-female&apos;]]<br />
                                Sending text to FirstName [[ChromeDriver: chrome on WINDOWS (7d93649eef7f6ce852629427942d7e08)] -&gt; xpath: //input[@id=&apos;FirstName&apos;]]<br />
                                Sending text to FirstName [[ChromeDriver: chrome on WINDOWS (7d93649eef7f6ce852629427942d7e08)] -&gt; xpath: //input[@id=&apos;LastName&apos;]]<br />
                                Selecting BirthDate [[ChromeDriver: chrome on WINDOWS (7d93649eef7f6ce852629427942d7e08)] -&gt; xpath: //div[@class=&apos;date-picker-wrapper&apos;]/select[1]] [[ChromeDriver: chrome on WINDOWS (7d93649eef7f6ce852629427942d7e08)] -&gt; xpath: //div[@class=&apos;date-picker-wrapper&apos;]/select[2]] [[ChromeDriver: chrome on WINDOWS (7d93649eef7f6ce852629427942d7e08)] -&gt; xpath: //div[@class=&apos;date-picker-wrapper&apos;]/select[3]]<br />
                                Sending text to email [[ChromeDriver: chrome on WINDOWS (7d93649eef7f6ce852629427942d7e08)] -&gt; xpath: //input[@id=&apos;Email&apos;]]<br />
                                Sending text to Password [[ChromeDriver: chrome on WINDOWS (7d93649eef7f6ce852629427942d7e08)] -&gt; xpath: //input[@id=&apos;Password&apos;]]<br />
                                Sending text to Confirm Password [[ChromeDriver: chrome on WINDOWS (7d93649eef7f6ce852629427942d7e08)] -&gt; xpath: //input[@id=&apos;ConfirmPassword&apos;]]<br />
                                Clicking on Register [[ChromeDriver: chrome on WINDOWS (7d93649eef7f6ce852629427942d7e08)] -&gt; xpath: //button[@id=&apos;register-button&apos;]]<br />
                                Getting Registration confirm [[ChromeDriver: chrome on WINDOWS (7d93649eef7f6ce852629427942d7e08)] -&gt; xpath: //div[contains(text(),&apos;Your registration completed&apos;)]]<br />
                  </div>
    

      </td>
</tr>
<tr>
  <td class="method">
                  verifyUserShouldNavigateToRegisterPageSuccessfully
      </td>
  <td class="duration">
    0.484s
  </td>
  <td class="result">
        
    
            <div class="testOutput">
                        Clicking on Register Link [[ChromeDriver: chrome on WINDOWS (47378fafd3c56631c44ace4764481b34)] -&gt; xpath: //a[contains(text(),&apos;Register&apos;)]]<br />
                                Getting Page Header [[ChromeDriver: chrome on WINDOWS (47378fafd3c56631c44ace4764481b34)] -&gt; xpath: //h1[contains(text(),&apos;Register&apos;)]]<br />
                  </div>
    

      </td>
</tr>
      </table>
  
</body>
</html>
